EDA Netlist Writer report for sqrt_52
Tue May  6 10:52:37 2014
Quartus II 32-bit Version 13.1.3 Build 178 02/12/2014 SJ Web Edition


---------------------
; Table of Contents ;
---------------------
  1. Legal Notice
  2. EDA Netlist Writer Summary
  3. EDA Netlist Writer Messages



----------------
; Legal Notice ;
----------------
Copyright (C) 1991-2014 Altera Corporation
Your use of Altera Corporation's design tools, logic functions 
and other software and tools, and its AMPP partner logic 
functions, and any output files from any of the foregoing 
(including device programming or simulation files), and any 
associated documentation or information are expressly subject 
to the terms and conditions of the Altera Program License 
Subscription Agreement, Altera MegaCore Function License 
Agreement, or other applicable license agreement, including, 
without limitation, that your use is for the sole purpose of 
programming logic devices manufactured by Altera and sold by 
Altera or its authorized distributors.  Please refer to the 
applicable agreement for further details.



+-------------------------------------------------------------------+
; EDA Netlist Writer Summary                                        ;
+---------------------------+---------------------------------------+
; EDA Netlist Writer Status ; Successful - Tue May  6 10:52:37 2014 ;
; Revision Name             ; sqrt_52                               ;
; Top-level Entity Name     ; sqrt_52                               ;
; Family                    ; Cyclone V                             ;
+---------------------------+---------------------------------------+


+-----------------------------+
; EDA Netlist Writer Messages ;
+-----------------------------+
Info: *******************************************************************
Info: Running Quartus II 32-bit EDA Netlist Writer
    Info: Version 13.1.3 Build 178 02/12/2014 SJ Web Edition
    Info: Copyright (C) 1991-2014 Altera Corporation. All rights reserved.
    Info: Your use of Altera Corporation's design tools, logic functions 
    Info: and other software and tools, and its AMPP partner logic 
    Info: functions, and any output files from any of the foregoing 
    Info: (including device programming or simulation files), and any 
    Info: associated documentation or information are expressly subject 
    Info: to the terms and conditions of the Altera Program License 
    Info: Subscription Agreement, Altera MegaCore Function License 
    Info: Agreement, or other applicable license agreement, including, 
    Info: without limitation, that your use is for the sole purpose of 
    Info: programming logic devices manufactured by Altera and sold by 
    Info: Altera or its authorized distributors.  Please refer to the 
    Info: applicable agreement for further details.
    Info: Processing started: Tue May  6 10:52:35 2014
Info: Command: quartus_eda sqrt_52 --greybox_verilog=on --netlist=/root/csee4840_14/rtl/ik_swift_36/inverse/cholesky/sqrt_52/sqrt_52_syn.v
Info (119006): Selected device 5CGXFC7C7F23C8 for design "sqrt_52"
Info (202006): Generating greybox netlist output files with original lutmask
Info: Quartus II 32-bit EDA Netlist Writer was successful. 0 errors, 0 warnings
    Info: Peak virtual memory: 389 megabytes
    Info: Processing ended: Tue May  6 10:52:37 2014
    Info: Elapsed time: 00:00:02
    Info: Total CPU time (on all processors): 00:00:02


